<?xml version="1.0" encoding="UTF-8"?>
<!-- Generated by org.testng.reporters.JUnitReportReporter -->
<testsuite skipped="0" hostname="LAPTOP-8DT1QFKL" name="Case_01.Affected" tests="1" failures="0" timestamp="2020-08-14T00:34:03 IST" time="0.008" errors="0">
  <testcase name="test01" time="0.008" classname="Case_01.Affected"/>
  <system-out>
hello  </system-out>
</testsuite> <!-- Case_01.Affected -->
